<?xml version="1.0" encoding="UTF-8"?>
<coverage generated="1618348061996" clover="3.2.0">
  <project timestamp="1618348061996" name="All files">
    <metrics statements="13" coveredstatements="9" conditionals="14" coveredconditionals="9" methods="3" coveredmethods="2" elements="30" coveredelements="20" complexity="0" loc="13" ncloc="13" packages="1" files="1" classes="1"/>
    <file name="triangle.js" path="/Users/ramiahmed/Desktop/shape-tracker/src/triangle.js">
      <metrics statements="13" coveredstatements="9" conditionals="14" coveredconditionals="9" methods="3" coveredmethods="2"/>
      <line num="2" count="1" type="stmt"/>
      <line num="3" count="1" type="stmt"/>
      <line num="4" count="1" type="stmt"/>
      <line num="7" count="1" type="stmt"/>
      <line num="8" count="0" type="stmt"/>
      <line num="11" count="1" type="stmt"/>
      <line num="12" count="1" type="cond" truecount="4" falsecount="1"/>
      <line num="13" count="0" type="stmt"/>
      <line num="14" count="1" type="cond" truecount="2" falsecount="3"/>
      <line num="15" count="0" type="stmt"/>
      <line num="16" count="1" type="cond" truecount="3" falsecount="1"/>
      <line num="17" count="1" type="stmt"/>
      <line num="19" count="0" type="stmt"/>
    </file>
  </project>
</coverage>
