{"/Users/ramiahmed/Desktop/shape-tracker/src/triangle.js": {"path":"/Users/ramiahmed/Desktop/shape-tracker/src/triangle.js","statementMap":{"0":{"start":{"line":2,"column":2},"end":{"line":2,"column":21}},"1":{"start":{"line":3,"column":2},"end":{"line":3,"column":21}},"2":{"start":{"line":4,"column":2},"end":{"line":4,"column":21}},"3":{"start":{"line":7,"column":0},"end":{"line":9,"column":1}},"4":{"start":{"line":8,"column":2},"end":{"line":8,"column":36}},"5":{"start":{"line":11,"column":0},"end":{"line":21,"column":2}},"6":{"start":{"line":12,"column":2},"end":{"line":20,"column":3}},"7":{"start":{"line":13,"column":4},"end":{"line":13,"column":28}},"8":{"start":{"line":14,"column":9},"end":{"line":20,"column":3}},"9":{"start":{"line":15,"column":4},"end":{"line":15,"column":30}},"10":{"start":{"line":16,"column":9},"end":{"line":20,"column":3}},"11":{"start":{"line":17,"column":6},"end":{"line":17,"column":36}},"12":{"start":{"line":19,"column":4},"end":{"line":19,"column":32}}},"fnMap":{"0":{"name":"Triangle","decl":{"start":{"line":1,"column":24},"end":{"line":1,"column":32}},"loc":{"start":{"line":1,"column":54},"end":{"line":5,"column":1}},"line":1},"1":{"name":"(anonymous_1)","decl":{"start":{"line":7,"column":31},"end":{"line":7,"column":32}},"loc":{"start":{"line":7,"column":42},"end":{"line":9,"column":1}},"line":7},"2":{"name":"(anonymous_2)","decl":{"start":{"line":11,"column":31},"end":{"line":11,"column":32}},"loc":{"start":{"line":11,"column":42},"end":{"line":21,"column":1}},"line":11}},"branchMap":{"0":{"loc":{"start":{"line":12,"column":2},"end":{"line":20,"column":3}},"type":"if","locations":[{"start":{"line":12,"column":2},"end":{"line":20,"column":3}},{"start":{"line":12,"column":2},"end":{"line":20,"column":3}}],"line":12},"1":{"loc":{"start":{"line":12,"column":6},"end":{"line":12,"column":134}},"type":"binary-expr","locations":[{"start":{"line":12,"column":7},"end":{"line":12,"column":45}},{"start":{"line":12,"column":51},"end":{"line":12,"column":89}},{"start":{"line":12,"column":95},"end":{"line":12,"column":133}}],"line":12},"2":{"loc":{"start":{"line":14,"column":9},"end":{"line":20,"column":3}},"type":"if","locations":[{"start":{"line":14,"column":9},"end":{"line":20,"column":3}},{"start":{"line":14,"column":9},"end":{"line":20,"column":3}}],"line":14},"3":{"loc":{"start":{"line":14,"column":13},"end":{"line":14,"column":106}},"type":"binary-expr","locations":[{"start":{"line":14,"column":14},"end":{"line":14,"column":39}},{"start":{"line":14,"column":46},"end":{"line":14,"column":71}},{"start":{"line":14,"column":79},"end":{"line":14,"column":104}}],"line":14},"4":{"loc":{"start":{"line":16,"column":9},"end":{"line":20,"column":3}},"type":"if","locations":[{"start":{"line":16,"column":9},"end":{"line":20,"column":3}},{"start":{"line":16,"column":9},"end":{"line":20,"column":3}}],"line":16},"5":{"loc":{"start":{"line":16,"column":13},"end":{"line":16,"column":71}},"type":"binary-expr","locations":[{"start":{"line":16,"column":14},"end":{"line":16,"column":39}},{"start":{"line":16,"column":45},"end":{"line":16,"column":70}}],"line":16}},"s":{"0":1,"1":1,"2":1,"3":1,"4":0,"5":1,"6":1,"7":0,"8":1,"9":0,"10":1,"11":1,"12":0},"f":{"0":1,"1":0,"2":1},"b":{"0":[0,1],"1":[1,1,1],"2":[0,1],"3":[1,0,0],"4":[1,0],"5":[1,1]},"_coverageSchema":"43e27e138ebf9cfc5966b082cf9a028302ed4184","hash":"c46736e101945b00c2d0c223701656c30a37fa74"}
}
